[web/qok8mpku.html]
[backblue.gif]
[fade.gif]
[index.html]
[web/1qyiete_.ico]
[web/wqhejpkd.png]
[web/h51v4m5v.png]
[web/jm8of-4b.json]
[web/6hujdj-c.css]
[web/kxkewtfd.js]
[web/8jd5qobz.js]
[web/t0rd0nxi.html]
[web/-_xttc3w.js]
[web/3qgkg31t.js]
[web/b_u4cwu6.js]
[web/hl5-hzrz.js]
[web/5oumttx6.js]
[web/x_rlgfy8.js]
[web/12yfiff2.js]
[web/orry_lc6.js]
[web/98fdhlf6.js]
[web/yij3j035.js]
[web/qok8mpku.html]
[web/6kp42vk9.js]
[web/t0rd0nxi.html]
[web/m7g4qiu4.html]
[web/kxkewtfd.js]
[web/h51v4m5v.png]
[web/-_xttc3w.js]
[web/3qgkg31t.js]
[web/1qyiete_]
[web/hl5-hzrz.js]
[web/5oumttx6.js]
[web/x_rlgfy8.js]
[web/6kp42vk9.js]
[web/wqhejpkd]
[web/12yfiff2.js]
[web/jm8of-4b.json]
[web/6hujdj-c.css]
